<?xml version="1.0" encoding="UTF-8"?>
<!-- Generated by org.testng.reporters.JUnitXMLReporter -->
<testsuite ignored="0" hostname="LAPTOP-244IHO30" failures="0" tests="3" name="Default test" time="4.944" errors="0" timestamp="2023-01-25T09:01:26 IST">
  <testcase classname="restAssuredDemo.LibraryAPIDynamicJson" name="addBook" time="3.432"/>
  <testcase classname="restAssuredDemo.LibraryAPIDynamicJson" name="addBook" time="0.627"/>
  <testcase classname="restAssuredDemo.LibraryAPIDynamicJson" name="addBook" time="0.803"/>
</testsuite> <!-- Default test -->
