<?xml version="1.0" encoding="UTF-8"?>
<testng-results ignored="0" total="1" passed="1" failed="0" skipped="0">
  <reporter-output>
  </reporter-output>
  <suite started-at="2023-02-15T23:48:26 IST" name="Default suite" finished-at="2023-02-15T23:48:28 IST" duration-ms="2364">
    <groups>
    </groups>
    <test started-at="2023-02-15T23:48:26 IST" name="Default test" finished-at="2023-02-15T23:48:28 IST" duration-ms="2364">
      <class name="restAssuredDemo.RestAssuredExcelDrivenTest">
        <test-method signature="addBook()[pri:0, instance:restAssuredDemo.RestAssuredExcelDrivenTest@4efac082]" started-at="2023-02-15T23:48:26 IST" name="addBook" finished-at="2023-02-15T23:48:28 IST" duration-ms="2331" status="PASS">
          <reporter-output>
          </reporter-output>
        </test-method> <!-- addBook -->
      </class> <!-- restAssuredDemo.RestAssuredExcelDrivenTest -->
    </test> <!-- Default test -->
  </suite> <!-- Default suite -->
</testng-results>
