<?xml version="1.0" encoding="UTF-8"?>
<testng-results ignored="0" total="3" passed="3" failed="0" skipped="0">
  <reporter-output>
  </reporter-output>
  <suite started-at="2023-01-25T09:01:22 IST" name="Default suite" finished-at="2023-01-25T09:01:26 IST" duration-ms="4944">
    <groups>
    </groups>
    <test started-at="2023-01-25T09:01:22 IST" name="Default test" finished-at="2023-01-25T09:01:26 IST" duration-ms="4944">
      <class name="restAssuredDemo.LibraryAPIDynamicJson">
        <test-method signature="addBook(java.lang.String,java.lang.String)[pri:0, instance:restAssuredDemo.LibraryAPIDynamicJson@3f197a46]" started-at="2023-01-25T09:01:22 IST" name="addBook" data-provider="BooksData" finished-at="2023-01-25T09:01:25 IST" duration-ms="3432" status="PASS">
          <params>
            <param index="0">
              <value>
                <![CDATA[shghs]]>
              </value>
            </param>
            <param index="1">
              <value>
                <![CDATA[256]]>
              </value>
            </param>
          </params>
          <reporter-output>
          </reporter-output>
        </test-method> <!-- addBook -->
        <test-method signature="addBook(java.lang.String,java.lang.String)[pri:0, instance:restAssuredDemo.LibraryAPIDynamicJson@3f197a46]" started-at="2023-01-25T09:01:25 IST" name="addBook" data-provider="BooksData" finished-at="2023-01-25T09:01:26 IST" duration-ms="627" status="PASS">
          <params>
            <param index="0">
              <value>
                <![CDATA[shgvhs]]>
              </value>
            </param>
            <param index="1">
              <value>
                <![CDATA[246]]>
              </value>
            </param>
          </params>
          <reporter-output>
          </reporter-output>
        </test-method> <!-- addBook -->
        <test-method signature="addBook(java.lang.String,java.lang.String)[pri:0, instance:restAssuredDemo.LibraryAPIDynamicJson@3f197a46]" started-at="2023-01-25T09:01:26 IST" name="addBook" data-provider="BooksData" finished-at="2023-01-25T09:01:26 IST" duration-ms="803" status="PASS">
          <params>
            <param index="0">
              <value>
                <![CDATA[hscsh]]>
              </value>
            </param>
            <param index="1">
              <value>
                <![CDATA[646]]>
              </value>
            </param>
          </params>
          <reporter-output>
          </reporter-output>
        </test-method> <!-- addBook -->
      </class> <!-- restAssuredDemo.LibraryAPIDynamicJson -->
    </test> <!-- Default test -->
  </suite> <!-- Default suite -->
</testng-results>
